[15:18:55] [Server thread/INFO]: Starting minecraft server version 1.8.8
[15:18:55] [Server thread/INFO]: Loading properties
[15:18:55] [Server thread/INFO]: Default game type: SURVIVAL
[15:18:55] [Server thread/INFO]: This server is running CraftBukkit version git-Spigot-db6de12-18fbb24 (MC: 1.8.8) (Implementing API version 1.8.8-R0.1-SNAPSHOT)
[15:18:55] [Server thread/INFO]: Debug logging is disabled
[15:18:55] [Server thread/INFO]: Server Ping Player Sample Count: 12

[15:18:55] [Server thread/INFO]: Using 4 threads for Netty based IO
[15:18:55] [Server thread/INFO]: Generating keypair
[15:18:55] [Server thread/INFO]: Starting Minecraft server on localhost:25565
[15:18:55] [Server thread/INFO]: Using default channel type
[15:18:55] [Server thread/INFO]: Your platform does not provide complete low-level API for accessing direct buffers reliably. Unless explicitly requested, heap buffer will always be preferred to avoid potential system unstability.
[15:18:55] [Server thread/INFO]: Set PluginClassLoader as parallel capable
[15:18:55] [Server thread/ERROR]: Could not load 'plugins\AntiCrash-1.0.jar' in folder 'plugins'
org.bukkit.plugin.UnknownDependencyException: ProtocolLib
	at org.bukkit.plugin.SimplePluginManager.loadPlugins(SimplePluginManager.java:219) ~[server.jar:git-Spigot-db6de12-18fbb24]
	at org.bukkit.craftbukkit.v1_8_R3.CraftServer.loadPlugins(CraftServer.java:292) ~[server.jar:git-Spigot-db6de12-18fbb24]
	at net.minecraft.server.v1_8_R3.DedicatedServer.init(DedicatedServer.java:198) ~[server.jar:git-Spigot-db6de12-18fbb24]
	at net.minecraft.server.v1_8_R3.MinecraftServer.run(MinecraftServer.java:525) ~[server.jar:git-Spigot-db6de12-18fbb24]
	at java.base/java.lang.Thread.run(Thread.java:1623) [?:?]
[15:18:55] [Server thread/ERROR]: Could not load 'plugins\JH_AntiBot_v4.jar' in folder 'plugins'
org.bukkit.plugin.InvalidPluginException: Cannot find main class `site.www.jhdev.net.antibot.spigot.Main'
	at org.bukkit.plugin.java.PluginClassLoader.<init>(PluginClassLoader.java:66) ~[server.jar:git-Spigot-db6de12-18fbb24]
	at org.bukkit.plugin.java.JavaPluginLoader.loadPlugin(JavaPluginLoader.java:131) ~[server.jar:git-Spigot-db6de12-18fbb24]
	at org.bukkit.plugin.SimplePluginManager.loadPlugin(SimplePluginManager.java:329) ~[server.jar:git-Spigot-db6de12-18fbb24]
	at org.bukkit.plugin.SimplePluginManager.loadPlugins(SimplePluginManager.java:251) ~[server.jar:git-Spigot-db6de12-18fbb24]
	at org.bukkit.craftbukkit.v1_8_R3.CraftServer.loadPlugins(CraftServer.java:292) ~[server.jar:git-Spigot-db6de12-18fbb24]
	at net.minecraft.server.v1_8_R3.DedicatedServer.init(DedicatedServer.java:198) ~[server.jar:git-Spigot-db6de12-18fbb24]
	at net.minecraft.server.v1_8_R3.MinecraftServer.run(MinecraftServer.java:525) ~[server.jar:git-Spigot-db6de12-18fbb24]
	at java.base/java.lang.Thread.run(Thread.java:1623) [?:?]
Caused by: java.lang.ClassNotFoundException: site.www.jhdev.net.antibot.spigot.Main
	at java.base/java.net.URLClassLoader.findClass(URLClassLoader.java:445) ~[?:?]
	at org.bukkit.plugin.java.PluginClassLoader.findClass(PluginClassLoader.java:101) ~[server.jar:git-Spigot-db6de12-18fbb24]
	at org.bukkit.plugin.java.PluginClassLoader.findClass(PluginClassLoader.java:86) ~[server.jar:git-Spigot-db6de12-18fbb24]
	at java.base/java.lang.ClassLoader.loadClass(ClassLoader.java:588) ~[?:?]
	at java.base/java.lang.ClassLoader.loadClass(ClassLoader.java:521) ~[?:?]
	at java.base/java.lang.Class.forName0(Native Method) ~[?:?]
	at java.base/java.lang.Class.forName(Class.java:496) ~[?:?]
	at java.base/java.lang.Class.forName(Class.java:475) ~[?:?]
	at org.bukkit.plugin.java.PluginClassLoader.<init>(PluginClassLoader.java:64) ~[server.jar:git-Spigot-db6de12-18fbb24]
	... 7 more
[15:18:56] [Server thread/WARN]: java.lang.ClassNotFoundException: sun.reflect.ConstantPool

[15:18:56] [Server thread/WARN]: 	at java.base/java.net.URLClassLoader.findClass(URLClassLoader.java:445)

[15:18:56] [Server thread/WARN]: 	at org.bukkit.plugin.java.PluginClassLoader.findClass(PluginClassLoader.java:101)

[15:18:56] [Server thread/WARN]: 	at org.bukkit.plugin.java.PluginClassLoader.findClass(PluginClassLoader.java:86)

[15:18:56] [Server thread/WARN]: 	at java.base/java.lang.ClassLoader.loadClass(ClassLoader.java:588)

[15:18:56] [Server thread/WARN]: 	at java.base/java.lang.ClassLoader.loadClass(ClassLoader.java:521)

[15:18:56] [Server thread/WARN]: 	at java.base/java.lang.Class.forName0(Native Method)

[15:18:56] [Server thread/WARN]: 	at java.base/java.lang.Class.forName(Class.java:391)

[15:18:56] [Server thread/WARN]: 	at java.base/java.lang.Class.forName(Class.java:382)

[15:18:56] [Server thread/WARN]: 	at me.robin.leaderheads.LeaderHeads.䝧ஃ扐㢖ᶲ(LeaderHeads.java)

[15:18:56] [Server thread/WARN]: 	at java.base/java.lang.invoke.BootstrapMethodInvoker.invokeWithManyArguments(BootstrapMethodInvoker.java:240)

[15:18:56] [Server thread/WARN]: 	at java.base/java.lang.invoke.BootstrapMethodInvoker.invoke(BootstrapMethodInvoker.java:171)

[15:18:56] [Server thread/WARN]: 	at java.base/java.lang.invoke.CallSite.makeSite(CallSite.java:316)

[15:18:56] [Server thread/WARN]: 	at java.base/java.lang.invoke.MethodHandleNatives.linkCallSiteImpl(MethodHandleNatives.java:279)

[15:18:56] [Server thread/WARN]: 	at java.base/java.lang.invoke.MethodHandleNatives.linkCallSite(MethodHandleNatives.java:269)

[15:18:56] [Server thread/WARN]: 	at me.robin.leaderheads.LeaderHeads.<clinit>(LeaderHeads.java)

[15:18:56] [Server thread/WARN]: 	at java.base/java.lang.Class.forName0(Native Method)

[15:18:56] [Server thread/WARN]: 	at java.base/java.lang.Class.forName(Class.java:496)

[15:18:56] [Server thread/WARN]: 	at java.base/java.lang.Class.forName(Class.java:475)

[15:18:56] [Server thread/WARN]: 	at org.bukkit.plugin.java.PluginClassLoader.<init>(PluginClassLoader.java:64)

[15:18:56] [Server thread/WARN]: 	at org.bukkit.plugin.java.JavaPluginLoader.loadPlugin(JavaPluginLoader.java:131)

[15:18:56] [Server thread/WARN]: 	at org.bukkit.plugin.SimplePluginManager.loadPlugin(SimplePluginManager.java:329)

[15:18:56] [Server thread/WARN]: 	at org.bukkit.plugin.SimplePluginManager.loadPlugins(SimplePluginManager.java:251)

[15:18:56] [Server thread/WARN]: 	at org.bukkit.craftbukkit.v1_8_R3.CraftServer.loadPlugins(CraftServer.java:292)

[15:18:56] [Server thread/WARN]: 	at net.minecraft.server.v1_8_R3.DedicatedServer.init(DedicatedServer.java:198)

[15:18:56] [Server thread/WARN]: 	at net.minecraft.server.v1_8_R3.MinecraftServer.run(MinecraftServer.java:525)

[15:18:56] [Server thread/WARN]: 	at java.base/java.lang.Thread.run(Thread.java:1623)

[15:18:56] [Server thread/INFO]: [LeaderHeads-185] An unknown error has occurred. Please contact DirectLeaks (Error: 0x8, Your java version is not supported yet, 20.0.1)

[15:18:56] [Server thread/INFO]: [LeaderHeads-185] Website: https://directleaks.com

[15:18:57] [Thread-3/INFO]: Stopping server
